02/04/2025 16:09:47 [INFO    ]          __main__.py( 40):<module>             :: Launching viewer
02/04/2025 16:09:47 [INFO    ]            viewer.py( 26):__init__             :: Start network
02/04/2025 16:09:47 [INFO    ]            viewer.py( 28):__init__             :: Start GUI
02/04/2025 16:09:48 [INFO    ]             utils.py( 76):hue_changed_texture  :: Managing /home/movic/Documents/EcoleM2/Os/Organisation_Kaotik/venv/lib/python3.11/site-packages/space_collector/viewer/images/station.png
02/04/2025 16:09:48 [INFO    ]             utils.py( 76):hue_changed_texture  :: Managing /home/movic/Documents/EcoleM2/Os/Organisation_Kaotik/venv/lib/python3.11/site-packages/space_collector/viewer/images/station.png
02/04/2025 16:09:48 [INFO    ]             utils.py( 76):hue_changed_texture  :: Managing /home/movic/Documents/EcoleM2/Os/Organisation_Kaotik/venv/lib/python3.11/site-packages/space_collector/viewer/images/station.png
02/04/2025 16:09:48 [INFO    ]             utils.py( 76):hue_changed_texture  :: Managing /home/movic/Documents/EcoleM2/Os/Organisation_Kaotik/venv/lib/python3.11/site-packages/space_collector/viewer/images/station.png
02/04/2025 16:12:01 [INFO    ]             utils.py( 76):hue_changed_texture  :: Managing /home/movic/Documents/EcoleM2/Os/Organisation_Kaotik/venv/lib/python3.11/site-packages/space_collector/viewer/images/spaceships/attacker.png
02/04/2025 16:12:01 [INFO    ]             utils.py( 76):hue_changed_texture  :: Managing /home/movic/Documents/EcoleM2/Os/Organisation_Kaotik/venv/lib/python3.11/site-packages/space_collector/viewer/images/high_energy.png
02/04/2025 16:12:01 [INFO    ]             utils.py( 76):hue_changed_texture  :: Managing /home/movic/Documents/EcoleM2/Os/Organisation_Kaotik/venv/lib/python3.11/site-packages/space_collector/viewer/images/spaceships/explorator.png
02/04/2025 16:12:01 [INFO    ]             utils.py( 76):hue_changed_texture  :: Managing /home/movic/Documents/EcoleM2/Os/Organisation_Kaotik/venv/lib/python3.11/site-packages/space_collector/viewer/images/spaceships/collector.png
02/04/2025 16:12:01 [INFO    ]            planet.py( 34):__init__             :: planet 6000, 6000
02/04/2025 16:12:01 [INFO    ]             utils.py( 76):hue_changed_texture  :: Managing /home/movic/Documents/EcoleM2/Os/Organisation_Kaotik/venv/lib/python3.11/site-packages/space_collector/viewer/images/planets/Moon_03-256x256.png
02/04/2025 16:12:01 [INFO    ]            planet.py( 34):__init__             :: planet 13000, 6000
02/04/2025 16:12:01 [INFO    ]             utils.py( 76):hue_changed_texture  :: Managing /home/movic/Documents/EcoleM2/Os/Organisation_Kaotik/venv/lib/python3.11/site-packages/space_collector/viewer/images/planets/Gas_Giant_05-256x256.png
02/04/2025 16:12:01 [INFO    ]            planet.py( 34):__init__             :: planet 15000, 12000
02/04/2025 16:12:01 [INFO    ]             utils.py( 76):hue_changed_texture  :: Managing /home/movic/Documents/EcoleM2/Os/Organisation_Kaotik/venv/lib/python3.11/site-packages/space_collector/viewer/images/planets/Desert_04-256x256.png
02/04/2025 16:12:01 [INFO    ]            planet.py( 34):__init__             :: planet 17000, 4000
02/04/2025 16:12:01 [INFO    ]             utils.py( 76):hue_changed_texture  :: Managing /home/movic/Documents/EcoleM2/Os/Organisation_Kaotik/venv/lib/python3.11/site-packages/space_collector/viewer/images/planets/Gas_Giant_10-256x256.png
02/04/2025 16:12:01 [INFO    ]            planet.py( 34):__init__             :: planet 5000, 9000
02/04/2025 16:12:01 [INFO    ]             utils.py( 76):hue_changed_texture  :: Managing /home/movic/Documents/EcoleM2/Os/Organisation_Kaotik/venv/lib/python3.11/site-packages/space_collector/viewer/images/planets/Gas_Giant_01-256x256.png
02/04/2025 16:12:01 [INFO    ]            planet.py( 34):__init__             :: planet 16000, 13000
02/04/2025 16:12:01 [INFO    ]             utils.py( 76):hue_changed_texture  :: Managing /home/movic/Documents/EcoleM2/Os/Organisation_Kaotik/venv/lib/python3.11/site-packages/space_collector/viewer/images/planets/Cracked_02-256x256.png
02/04/2025 16:12:01 [INFO    ]            planet.py( 34):__init__             :: planet 7000, 9000
02/04/2025 16:12:01 [INFO    ]             utils.py( 76):hue_changed_texture  :: Managing /home/movic/Documents/EcoleM2/Os/Organisation_Kaotik/venv/lib/python3.11/site-packages/space_collector/viewer/images/planets/Radiated_02-256x256.png
02/04/2025 16:15:16 [INFO    ]          __main__.py( 40):<module>             :: Launching viewer
02/04/2025 16:15:16 [INFO    ]            viewer.py( 26):__init__             :: Start network
02/04/2025 16:15:16 [INFO    ]            viewer.py( 28):__init__             :: Start GUI
02/04/2025 16:15:17 [INFO    ]             utils.py( 76):hue_changed_texture  :: Managing /home/movic/Documents/EcoleM2/Os/Organisation_Kaotik/venv/lib/python3.11/site-packages/space_collector/viewer/images/station.png
02/04/2025 16:15:17 [INFO    ]             utils.py( 76):hue_changed_texture  :: Managing /home/movic/Documents/EcoleM2/Os/Organisation_Kaotik/venv/lib/python3.11/site-packages/space_collector/viewer/images/station.png
02/04/2025 16:15:17 [INFO    ]             utils.py( 76):hue_changed_texture  :: Managing /home/movic/Documents/EcoleM2/Os/Organisation_Kaotik/venv/lib/python3.11/site-packages/space_collector/viewer/images/station.png
02/04/2025 16:15:17 [INFO    ]             utils.py( 76):hue_changed_texture  :: Managing /home/movic/Documents/EcoleM2/Os/Organisation_Kaotik/venv/lib/python3.11/site-packages/space_collector/viewer/images/station.png
02/04/2025 16:15:32 [INFO    ]             utils.py( 76):hue_changed_texture  :: Managing /home/movic/Documents/EcoleM2/Os/Organisation_Kaotik/venv/lib/python3.11/site-packages/space_collector/viewer/images/spaceships/attacker.png
02/04/2025 16:15:32 [INFO    ]             utils.py( 76):hue_changed_texture  :: Managing /home/movic/Documents/EcoleM2/Os/Organisation_Kaotik/venv/lib/python3.11/site-packages/space_collector/viewer/images/high_energy.png
02/04/2025 16:15:32 [INFO    ]             utils.py( 76):hue_changed_texture  :: Managing /home/movic/Documents/EcoleM2/Os/Organisation_Kaotik/venv/lib/python3.11/site-packages/space_collector/viewer/images/spaceships/explorator.png
02/04/2025 16:15:32 [INFO    ]             utils.py( 76):hue_changed_texture  :: Managing /home/movic/Documents/EcoleM2/Os/Organisation_Kaotik/venv/lib/python3.11/site-packages/space_collector/viewer/images/spaceships/collector.png
02/04/2025 16:15:32 [INFO    ]            planet.py( 34):__init__             :: planet 16000, 3000
02/04/2025 16:15:32 [INFO    ]             utils.py( 76):hue_changed_texture  :: Managing /home/movic/Documents/EcoleM2/Os/Organisation_Kaotik/venv/lib/python3.11/site-packages/space_collector/viewer/images/planets/Gas_Giant_13-256x256.png
02/04/2025 16:15:32 [INFO    ]            planet.py( 34):__init__             :: planet 3000, 3000
02/04/2025 16:15:32 [INFO    ]             utils.py( 76):hue_changed_texture  :: Managing /home/movic/Documents/EcoleM2/Os/Organisation_Kaotik/venv/lib/python3.11/site-packages/space_collector/viewer/images/planets/Gas_Giant_03-256x256.png
02/04/2025 16:15:32 [INFO    ]            planet.py( 34):__init__             :: planet 5000, 12000
02/04/2025 16:15:32 [INFO    ]             utils.py( 76):hue_changed_texture  :: Managing /home/movic/Documents/EcoleM2/Os/Organisation_Kaotik/venv/lib/python3.11/site-packages/space_collector/viewer/images/planets/Cracked_04-256x256.png
02/04/2025 16:15:32 [INFO    ]            planet.py( 34):__init__             :: planet 17000, 15000
02/04/2025 16:15:32 [INFO    ]             utils.py( 76):hue_changed_texture  :: Managing /home/movic/Documents/EcoleM2/Os/Organisation_Kaotik/venv/lib/python3.11/site-packages/space_collector/viewer/images/planets/Red_Planet_01-256x256.png
02/04/2025 16:15:32 [INFO    ]            planet.py( 34):__init__             :: planet 16000, 6000
02/04/2025 16:15:32 [INFO    ]             utils.py( 76):hue_changed_texture  :: Managing /home/movic/Documents/EcoleM2/Os/Organisation_Kaotik/venv/lib/python3.11/site-packages/space_collector/viewer/images/planets/Gas_Giant_11-256x256.png
02/04/2025 16:15:32 [INFO    ]            planet.py( 34):__init__             :: planet 3000, 12000
02/04/2025 16:15:32 [INFO    ]             utils.py( 76):hue_changed_texture  :: Managing /home/movic/Documents/EcoleM2/Os/Organisation_Kaotik/venv/lib/python3.11/site-packages/space_collector/viewer/images/planets/Desert_02-256x256.png
02/04/2025 16:15:32 [INFO    ]            planet.py( 34):__init__             :: planet 5000, 15000
02/04/2025 16:15:32 [INFO    ]             utils.py( 76):hue_changed_texture  :: Managing /home/movic/Documents/EcoleM2/Os/Organisation_Kaotik/venv/lib/python3.11/site-packages/space_collector/viewer/images/planets/Moon_01-256x256.png
02/04/2025 17:18:23 [INFO    ]          __main__.py( 40):<module>             :: Launching viewer
02/04/2025 17:18:23 [INFO    ]            viewer.py( 26):__init__             :: Start network
02/04/2025 17:18:23 [INFO    ]            viewer.py( 28):__init__             :: Start GUI
02/04/2025 17:18:23 [INFO    ]             utils.py( 76):hue_changed_texture  :: Managing /home/movic/Documents/EcoleM2/Os/Organisation_Kaotik/venv/lib/python3.11/site-packages/space_collector/viewer/images/station.png
02/04/2025 17:18:23 [INFO    ]             utils.py( 76):hue_changed_texture  :: Managing /home/movic/Documents/EcoleM2/Os/Organisation_Kaotik/venv/lib/python3.11/site-packages/space_collector/viewer/images/station.png
02/04/2025 17:18:23 [INFO    ]             utils.py( 76):hue_changed_texture  :: Managing /home/movic/Documents/EcoleM2/Os/Organisation_Kaotik/venv/lib/python3.11/site-packages/space_collector/viewer/images/station.png
02/04/2025 17:18:23 [INFO    ]             utils.py( 76):hue_changed_texture  :: Managing /home/movic/Documents/EcoleM2/Os/Organisation_Kaotik/venv/lib/python3.11/site-packages/space_collector/viewer/images/station.png
02/04/2025 17:19:16 [INFO    ]             utils.py( 76):hue_changed_texture  :: Managing /home/movic/Documents/EcoleM2/Os/Organisation_Kaotik/venv/lib/python3.11/site-packages/space_collector/viewer/images/spaceships/attacker.png
02/04/2025 17:19:16 [INFO    ]             utils.py( 76):hue_changed_texture  :: Managing /home/movic/Documents/EcoleM2/Os/Organisation_Kaotik/venv/lib/python3.11/site-packages/space_collector/viewer/images/high_energy.png
02/04/2025 17:19:16 [INFO    ]             utils.py( 76):hue_changed_texture  :: Managing /home/movic/Documents/EcoleM2/Os/Organisation_Kaotik/venv/lib/python3.11/site-packages/space_collector/viewer/images/spaceships/explorator.png
02/04/2025 17:19:16 [INFO    ]             utils.py( 76):hue_changed_texture  :: Managing /home/movic/Documents/EcoleM2/Os/Organisation_Kaotik/venv/lib/python3.11/site-packages/space_collector/viewer/images/spaceships/collector.png
02/04/2025 17:19:16 [INFO    ]            planet.py( 34):__init__             :: planet 4000, 11000
02/04/2025 17:19:16 [INFO    ]             utils.py( 76):hue_changed_texture  :: Managing /home/movic/Documents/EcoleM2/Os/Organisation_Kaotik/venv/lib/python3.11/site-packages/space_collector/viewer/images/planets/Tropical_02-256x256.png
02/04/2025 17:19:16 [INFO    ]            planet.py( 34):__init__             :: planet 3000, 15000
02/04/2025 17:19:16 [INFO    ]             utils.py( 76):hue_changed_texture  :: Managing /home/movic/Documents/EcoleM2/Os/Organisation_Kaotik/venv/lib/python3.11/site-packages/space_collector/viewer/images/planets/Desert_04-256x256.png
02/04/2025 17:23:11 [INFO    ]          __main__.py( 40):<module>             :: Launching viewer
02/04/2025 17:23:11 [INFO    ]            viewer.py( 26):__init__             :: Start network
02/04/2025 17:23:11 [INFO    ]            viewer.py( 28):__init__             :: Start GUI
02/04/2025 17:23:11 [INFO    ]             utils.py( 76):hue_changed_texture  :: Managing /home/movic/Documents/EcoleM2/Os/Organisation_Kaotik/venv/lib/python3.11/site-packages/space_collector/viewer/images/station.png
02/04/2025 17:23:11 [INFO    ]             utils.py( 76):hue_changed_texture  :: Managing /home/movic/Documents/EcoleM2/Os/Organisation_Kaotik/venv/lib/python3.11/site-packages/space_collector/viewer/images/station.png
02/04/2025 17:23:11 [INFO    ]             utils.py( 76):hue_changed_texture  :: Managing /home/movic/Documents/EcoleM2/Os/Organisation_Kaotik/venv/lib/python3.11/site-packages/space_collector/viewer/images/station.png
02/04/2025 17:23:11 [INFO    ]             utils.py( 76):hue_changed_texture  :: Managing /home/movic/Documents/EcoleM2/Os/Organisation_Kaotik/venv/lib/python3.11/site-packages/space_collector/viewer/images/station.png
02/04/2025 17:25:01 [INFO    ]             utils.py( 76):hue_changed_texture  :: Managing /home/movic/Documents/EcoleM2/Os/Organisation_Kaotik/venv/lib/python3.11/site-packages/space_collector/viewer/images/spaceships/attacker.png
02/04/2025 17:25:01 [INFO    ]             utils.py( 76):hue_changed_texture  :: Managing /home/movic/Documents/EcoleM2/Os/Organisation_Kaotik/venv/lib/python3.11/site-packages/space_collector/viewer/images/high_energy.png
02/04/2025 17:25:01 [INFO    ]             utils.py( 76):hue_changed_texture  :: Managing /home/movic/Documents/EcoleM2/Os/Organisation_Kaotik/venv/lib/python3.11/site-packages/space_collector/viewer/images/spaceships/explorator.png
02/04/2025 17:25:01 [INFO    ]             utils.py( 76):hue_changed_texture  :: Managing /home/movic/Documents/EcoleM2/Os/Organisation_Kaotik/venv/lib/python3.11/site-packages/space_collector/viewer/images/spaceships/collector.png
02/04/2025 17:25:01 [INFO    ]            planet.py( 34):__init__             :: planet 17000, 6000
02/04/2025 17:25:01 [INFO    ]             utils.py( 76):hue_changed_texture  :: Managing /home/movic/Documents/EcoleM2/Os/Organisation_Kaotik/venv/lib/python3.11/site-packages/space_collector/viewer/images/planets/Radiated_02-256x256.png
02/04/2025 17:25:01 [INFO    ]            planet.py( 34):__init__             :: planet 15000, 7000
02/04/2025 17:25:01 [INFO    ]             utils.py( 76):hue_changed_texture  :: Managing /home/movic/Documents/EcoleM2/Os/Organisation_Kaotik/venv/lib/python3.11/site-packages/space_collector/viewer/images/planets/Desert_01-256x256.png
02/04/2025 17:25:01 [INFO    ]            planet.py( 34):__init__             :: planet 7000, 7000
02/04/2025 17:25:01 [INFO    ]             utils.py( 76):hue_changed_texture  :: Managing /home/movic/Documents/EcoleM2/Os/Organisation_Kaotik/venv/lib/python3.11/site-packages/space_collector/viewer/images/planets/Cracked_02-256x256.png
02/04/2025 17:25:01 [INFO    ]            planet.py( 34):__init__             :: planet 11000, 16000
02/04/2025 17:25:01 [INFO    ]             utils.py( 76):hue_changed_texture  :: Managing /home/movic/Documents/EcoleM2/Os/Organisation_Kaotik/venv/lib/python3.11/site-packages/space_collector/viewer/images/planets/Gas_Giant_07-256x256.png
02/04/2025 17:25:01 [INFO    ]            planet.py( 34):__init__             :: planet 8000, 16000
02/04/2025 17:25:01 [INFO    ]             utils.py( 76):hue_changed_texture  :: Managing /home/movic/Documents/EcoleM2/Os/Organisation_Kaotik/venv/lib/python3.11/site-packages/space_collector/viewer/images/planets/Alpine_04-256x256.png
02/04/2025 17:25:01 [INFO    ]            planet.py( 34):__init__             :: planet 3000, 6000
02/04/2025 17:25:01 [INFO    ]             utils.py( 76):hue_changed_texture  :: Managing /home/movic/Documents/EcoleM2/Os/Organisation_Kaotik/venv/lib/python3.11/site-packages/space_collector/viewer/images/planets/Tropical_01-256x256.png
02/04/2025 17:25:01 [INFO    ]            planet.py( 34):__init__             :: planet 7000, 17000
02/04/2025 17:27:07 [INFO    ]          __main__.py( 40):<module>             :: Launching viewer
02/04/2025 17:27:07 [INFO    ]            viewer.py( 26):__init__             :: Start network
02/04/2025 17:27:07 [INFO    ]            viewer.py( 28):__init__             :: Start GUI
02/04/2025 17:27:07 [INFO    ]             utils.py( 76):hue_changed_texture  :: Managing /home/movic/Documents/EcoleM2/Os/Organisation_Kaotik/venv/lib/python3.11/site-packages/space_collector/viewer/images/station.png
02/04/2025 17:27:07 [INFO    ]             utils.py( 76):hue_changed_texture  :: Managing /home/movic/Documents/EcoleM2/Os/Organisation_Kaotik/venv/lib/python3.11/site-packages/space_collector/viewer/images/station.png
02/04/2025 17:27:07 [INFO    ]             utils.py( 76):hue_changed_texture  :: Managing /home/movic/Documents/EcoleM2/Os/Organisation_Kaotik/venv/lib/python3.11/site-packages/space_collector/viewer/images/station.png
02/04/2025 17:27:07 [INFO    ]             utils.py( 76):hue_changed_texture  :: Managing /home/movic/Documents/EcoleM2/Os/Organisation_Kaotik/venv/lib/python3.11/site-packages/space_collector/viewer/images/station.png
02/04/2025 17:28:35 [INFO    ]          __main__.py( 40):<module>             :: Launching viewer
02/04/2025 17:28:35 [INFO    ]            viewer.py( 26):__init__             :: Start network
02/04/2025 17:28:35 [INFO    ]            viewer.py( 28):__init__             :: Start GUI
02/04/2025 17:28:35 [INFO    ]             utils.py( 76):hue_changed_texture  :: Managing /home/movic/Documents/EcoleM2/Os/Organisation_Kaotik/venv/lib/python3.11/site-packages/space_collector/viewer/images/station.png
02/04/2025 17:28:35 [INFO    ]             utils.py( 76):hue_changed_texture  :: Managing /home/movic/Documents/EcoleM2/Os/Organisation_Kaotik/venv/lib/python3.11/site-packages/space_collector/viewer/images/station.png
02/04/2025 17:28:35 [INFO    ]             utils.py( 76):hue_changed_texture  :: Managing /home/movic/Documents/EcoleM2/Os/Organisation_Kaotik/venv/lib/python3.11/site-packages/space_collector/viewer/images/station.png
02/04/2025 17:28:35 [INFO    ]             utils.py( 76):hue_changed_texture  :: Managing /home/movic/Documents/EcoleM2/Os/Organisation_Kaotik/venv/lib/python3.11/site-packages/space_collector/viewer/images/station.png
02/04/2025 17:28:44 [INFO    ]             utils.py( 76):hue_changed_texture  :: Managing /home/movic/Documents/EcoleM2/Os/Organisation_Kaotik/venv/lib/python3.11/site-packages/space_collector/viewer/images/spaceships/attacker.png
02/04/2025 17:28:44 [INFO    ]             utils.py( 76):hue_changed_texture  :: Managing /home/movic/Documents/EcoleM2/Os/Organisation_Kaotik/venv/lib/python3.11/site-packages/space_collector/viewer/images/high_energy.png
02/04/2025 17:28:44 [INFO    ]             utils.py( 76):hue_changed_texture  :: Managing /home/movic/Documents/EcoleM2/Os/Organisation_Kaotik/venv/lib/python3.11/site-packages/space_collector/viewer/images/spaceships/explorator.png
02/04/2025 17:28:44 [INFO    ]             utils.py( 76):hue_changed_texture  :: Managing /home/movic/Documents/EcoleM2/Os/Organisation_Kaotik/venv/lib/python3.11/site-packages/space_collector/viewer/images/spaceships/collector.png
02/04/2025 17:28:44 [INFO    ]            planet.py( 34):__init__             :: planet 14000, 15000
02/04/2025 17:28:44 [INFO    ]             utils.py( 76):hue_changed_texture  :: Managing /home/movic/Documents/EcoleM2/Os/Organisation_Kaotik/venv/lib/python3.11/site-packages/space_collector/viewer/images/planets/Tropical_01-256x256.png
02/04/2025 17:28:44 [INFO    ]            planet.py( 34):__init__             :: planet 15000, 4000
02/04/2025 17:28:44 [INFO    ]             utils.py( 76):hue_changed_texture  :: Managing /home/movic/Documents/EcoleM2/Os/Organisation_Kaotik/venv/lib/python3.11/site-packages/space_collector/viewer/images/planets/Gas_Giant_13-256x256.png
02/04/2025 17:28:44 [INFO    ]            planet.py( 34):__init__             :: planet 11000, 9000
02/04/2025 17:28:44 [INFO    ]             utils.py( 76):hue_changed_texture  :: Managing /home/movic/Documents/EcoleM2/Os/Organisation_Kaotik/venv/lib/python3.11/site-packages/space_collector/viewer/images/planets/Gas_Giant_11-256x256.png
02/04/2025 17:28:44 [INFO    ]            planet.py( 34):__init__             :: planet 4000, 14000
02/04/2025 17:28:44 [INFO    ]             utils.py( 76):hue_changed_texture  :: Managing /home/movic/Documents/EcoleM2/Os/Organisation_Kaotik/venv/lib/python3.11/site-packages/space_collector/viewer/images/planets/Radiated_02-256x256.png
